Build started 2014-06-16 16:23:20.
     1>Project "C:\cygwin64\home\goluch\Taktyk\gameSolver\gameSolver.vcxproj" on node 2 (Rebuild target(s)).
     1>ClCompile:
         C:\Program Files (x86)\Microsoft Visual Studio 12.0\VC\bin\x86_amd64\CL.exe /c /Zi /nologo /W3 /WX- /Od /D WIN32 /D _DEBUG /D _LIB /D _UNICODE /D UNICODE /Gm /EHsc /RTC1 /MDd /GS /fp:precise /Zc:wchar_t /Zc:forScope /Fo"x64\Debug\\" /Fd"x64\Debug\vc120.pdb" /Gd /TP /errorReport:prompt exceptions.cpp PerformanceCounter.cpp ProofNumberSearch.cpp ProofNumberSearchWrapped.cpp
         ProofNumberSearchWrapped.cpp
     1>c:\cygwin64\home\goluch\taktyk\gamesolver\ProofNumberSearch.cpp(21): warning C4812: obsolete declaration style: please use 'gameSolver::ProofNumberSearch<N>::ProofNumberSearch' instead
     1>c:\cygwin64\home\goluch\taktyk\gamesolver\ProofNumberSearch.cpp(28): warning C4812: obsolete declaration style: please use 'gameSolver::ProofNumberSearch<N>::~ProofNumberSearch' instead
     1>c:\cygwin64\home\goluch\taktyk\gamesolver\ProofNumberSearch.cpp(34): warning C4812: obsolete declaration style: please use 'gameSolver::ProofNumberSearch<gameDataStructures::PNSNode<gameEngines::CaptureGoEngine,unsigned int>>::ProofNumberSearch' instead
     1>c:\cygwin64\home\goluch\taktyk\gamesolver\ProofNumberSearch.cpp(41): warning C4812: obsolete declaration style: please use 'gameSolver::ProofNumberSearch<gameDataStructures::PNSNode<gameEngines::CaptureGoEngine,unsigned int>>::~ProofNumberSearch' instead
     1>c:\cygwin64\home\goluch\taktyk\gamesolver\ProofNumberSearch.cpp(47): warning C4812: obsolete declaration style: please use 'gameDataStructures::PNSNode<gameEngines::CaptureGoEngine,unsigned int>::PNSNode' instead
     1>c:\cygwin64\home\goluch\taktyk\gamesolver\ProofNumberSearch.cpp(53): warning C4812: obsolete declaration style: please use 'gameDataStructures::PNSNode<gameEngines::CaptureGoEngine,unsigned int>::~PNSNode' instead
     1>c:\cygwin64\home\goluch\taktyk\gamesolver\ProofNumberSearch.cpp(59): warning C4812: obsolete declaration style: please use 'gameDataStructures::PNSNode<gameEngines::CaptureGoEngine,unsigned int>::PNSNode' instead
     1>c:\cygwin64\home\goluch\taktyk\gamesolver\ProofNumberSearch.cpp(70): warning C4812: obsolete declaration style: please use 'gameDataStructures::PNSNodeWithoutPointers<gameEngines::CaptureGoEngine,unsigned int,unsigned int>::PNSNodeWithoutPointers' instead
     1>c:\cygwin64\home\goluch\taktyk\gamesolver\ProofNumberSearch.cpp(76): warning C4812: obsolete declaration style: please use 'gameDataStructures::PNSNodeWithoutPointers<gameEngines::CaptureGoEngine,unsigned int,unsigned int>::~PNSNodeWithoutPointers' instead
     1>c:\cygwin64\home\goluch\taktyk\gamesolver\ProofNumberSearch.cpp(82): warning C4812: obsolete declaration style: please use 'gameDataStructures::PNSNodeWithoutPointers<gameEngines::CaptureGoEngine,unsigned int,unsigned int>::PNSNodeWithoutPointers' instead
     1>ProofNumberSearchWrapped.cpp(21): warning C4812: obsolete declaration style: please use 'gameSolver::ProofNumberSearchWrapped<N>::ProofNumberSearchWrapped' instead
     1>ProofNumberSearchWrapped.cpp(28): warning C4812: obsolete declaration style: please use 'gameSolver::ProofNumberSearchWrapped<N>::~ProofNumberSearchWrapped' instead
     1>ProofNumberSearchWrapped.cpp(34): warning C4812: obsolete declaration style: please use 'gameSolver::ProofNumberSearchWrapped<gameDataStructures::PNSNodeWithoutPointers<gameEngines::CaptureGoEngine,unsigned int,unsigned int>>::ProofNumberSearchWrapped' instead
     1>ProofNumberSearchWrapped.cpp(41): warning C4812: obsolete declaration style: please use 'gameSolver::ProofNumberSearchWrapped<gameDataStructures::PNSNodeWithoutPointers<gameEngines::CaptureGoEngine,unsigned int,unsigned int>>::~ProofNumberSearchWrapped' instead
     1>c:\cygwin64\home\goluch\taktyk\gamesolver\../gameDataStructures/PNSNodeWithoutPointers.cpp(59): warning C4244: '=' : conversion from 'DWORDLONG' to 'unsigned int', possible loss of data
                 c:\cygwin64\home\goluch\taktyk\gamesolver\../gameDataStructures/PNSNodeWithoutPointers.cpp(53) : while compiling class template member function 'void gameDataStructures::PNSNodeWithoutPointers<gameEngines::CaptureGoEngine,unsigned int,unsigned int>::Initialize(void)'
                 ProofNumberSearchWrapped.cpp(36) : see reference to function template instantiation 'void gameDataStructures::PNSNodeWithoutPointers<gameEngines::CaptureGoEngine,unsigned int,unsigned int>::Initialize(void)' being compiled
                 c:\cygwin64\home\goluch\taktyk\gamesolver\ProofNumberSearch.cpp(70) : see reference to class template instantiation 'gameDataStructures::PNSNodeWithoutPointers<gameEngines::CaptureGoEngine,unsigned int,unsigned int>' being compiled
     1>c:\cygwin64\home\goluch\taktyk\gamesolver\ProofNumberSearch.cpp(21): warning C4812: obsolete declaration style: please use 'gameSolver::ProofNumberSearch<N>::ProofNumberSearch' instead
                 with
                 [
                     N=gameDataStructures::PNSNodeWithoutPointers<gameEngines::CaptureGoEngine,unsigned int,unsigned int>
                 ]
                 c:\cygwin64\home\goluch\taktyk\gamesolver\ProofNumberSearch.cpp(22) : while compiling class template member function 'gameSolver::ProofNumberSearch<N>::ProofNumberSearch(void)'
                 with
                 [
                     N=gameDataStructures::PNSNodeWithoutPointers<gameEngines::CaptureGoEngine,unsigned int,unsigned int>
                 ]
                 ProofNumberSearchWrapped.cpp(35) : see reference to function template instantiation 'gameSolver::ProofNumberSearch<N>::ProofNumberSearch(void)' being compiled
                 with
                 [
                     N=gameDataStructures::PNSNodeWithoutPointers<gameEngines::CaptureGoEngine,unsigned int,unsigned int>
                 ]
                 c:\cygwin64\home\goluch\taktyk\gamesolver\ProofNumberSearchWrapped.h(9) : see reference to class template instantiation 'gameSolver::ProofNumberSearch<N>' being compiled
                 with
                 [
                     N=gameDataStructures::PNSNodeWithoutPointers<gameEngines::CaptureGoEngine,unsigned int,unsigned int>
                 ]
                 ProofNumberSearchWrapped.cpp(34) : see reference to class template instantiation 'gameSolver::ProofNumberSearchWrapped<gameDataStructures::PNSNodeWithoutPointers<gameEngines::CaptureGoEngine,unsigned int,unsigned int>>' being compiled
     1>c:\cygwin64\home\goluch\taktyk\gamesolver\ProofNumberSearch.cpp(28): warning C4812: obsolete declaration style: please use 'gameSolver::ProofNumberSearch<N>::~ProofNumberSearch' instead
                 with
                 [
                     N=gameDataStructures::PNSNodeWithoutPointers<gameEngines::CaptureGoEngine,unsigned int,unsigned int>
                 ]
                 c:\cygwin64\home\goluch\taktyk\gamesolver\ProofNumberSearch.cpp(29) : while compiling class template member function 'gameSolver::ProofNumberSearch<N>::~ProofNumberSearch(void)'
                 with
                 [
                     N=gameDataStructures::PNSNodeWithoutPointers<gameEngines::CaptureGoEngine,unsigned int,unsigned int>
                 ]
                 ProofNumberSearchWrapped.cpp(35) : see reference to function template instantiation 'gameSolver::ProofNumberSearch<N>::~ProofNumberSearch(void)' being compiled
                 with
                 [
                     N=gameDataStructures::PNSNodeWithoutPointers<gameEngines::CaptureGoEngine,unsigned int,unsigned int>
                 ]
     1>c:\cygwin64\home\goluch\taktyk\gamesolver\../gameDataStructures/PNSNode.cpp(50): warning C4244: 'return' : conversion from 'unsigned __int64' to 'int', possible loss of data
                 c:\cygwin64\home\goluch\taktyk\gamesolver\../gameDataStructures/PNSNode.cpp(38) : while compiling class template member function 'int gameDataStructures::PNSNode<gameEngines::CaptureGoEngine,unsigned int>::GenerateAllChildren(bool,gameDataStructures::PNSNode<gameEngines::CaptureGoEngine,unsigned int> *)'
                 c:\cygwin64\home\goluch\taktyk\gamesolver\ProofNumberSearch.cpp(233) : see reference to function template instantiation 'int gameDataStructures::PNSNode<gameEngines::CaptureGoEngine,unsigned int>::GenerateAllChildren(bool,gameDataStructures::PNSNode<gameEngines::CaptureGoEngine,unsigned int> *)' being compiled
                 c:\cygwin64\home\goluch\taktyk\gamesolver\ProofNumberSearch.cpp(202) : while compiling class template member function 'gameDataStructures::PNSNode<gameEngines::CaptureGoEngine,unsigned int> *gameSolver::ProofNumberSearch<gameDataStructures::PNSNode<gameEngines::CaptureGoEngine,unsigned int>>::SelectMostProving(N *)'
                 with
                 [
                     N=gameDataStructures::PNSNode<gameEngines::CaptureGoEngine,unsigned int>
                 ]
                 c:\cygwin64\home\goluch\taktyk\gamesolver\ProofNumberSearch.cpp(331) : see reference to function template instantiation 'gameDataStructures::PNSNode<gameEngines::CaptureGoEngine,unsigned int> *gameSolver::ProofNumberSearch<gameDataStructures::PNSNode<gameEngines::CaptureGoEngine,unsigned int>>::SelectMostProving(N *)' being compiled
                 with
                 [
                     N=gameDataStructures::PNSNode<gameEngines::CaptureGoEngine,unsigned int>
                 ]
                 c:\cygwin64\home\goluch\taktyk\gamesolver\ProofNumberSearch.cpp(34) : see reference to class template instantiation 'gameSolver::ProofNumberSearch<gameDataStructures::PNSNode<gameEngines::CaptureGoEngine,unsigned int>>' being compiled
         ProofNumberSearch.cpp
     1>ProofNumberSearch.cpp(21): warning C4812: obsolete declaration style: please use 'gameSolver::ProofNumberSearch<N>::ProofNumberSearch' instead
     1>ProofNumberSearch.cpp(28): warning C4812: obsolete declaration style: please use 'gameSolver::ProofNumberSearch<N>::~ProofNumberSearch' instead
     1>ProofNumberSearch.cpp(34): warning C4812: obsolete declaration style: please use 'gameSolver::ProofNumberSearch<gameDataStructures::PNSNode<gameEngines::CaptureGoEngine,unsigned int>>::ProofNumberSearch' instead
     1>ProofNumberSearch.cpp(41): warning C4812: obsolete declaration style: please use 'gameSolver::ProofNumberSearch<gameDataStructures::PNSNode<gameEngines::CaptureGoEngine,unsigned int>>::~ProofNumberSearch' instead
     1>ProofNumberSearch.cpp(47): warning C4812: obsolete declaration style: please use 'gameDataStructures::PNSNode<gameEngines::CaptureGoEngine,unsigned int>::PNSNode' instead
     1>ProofNumberSearch.cpp(53): warning C4812: obsolete declaration style: please use 'gameDataStructures::PNSNode<gameEngines::CaptureGoEngine,unsigned int>::~PNSNode' instead
     1>ProofNumberSearch.cpp(59): warning C4812: obsolete declaration style: please use 'gameDataStructures::PNSNode<gameEngines::CaptureGoEngine,unsigned int>::PNSNode' instead
     1>ProofNumberSearch.cpp(70): warning C4812: obsolete declaration style: please use 'gameDataStructures::PNSNodeWithoutPointers<gameEngines::CaptureGoEngine,unsigned int,unsigned int>::PNSNodeWithoutPointers' instead
     1>ProofNumberSearch.cpp(76): warning C4812: obsolete declaration style: please use 'gameDataStructures::PNSNodeWithoutPointers<gameEngines::CaptureGoEngine,unsigned int,unsigned int>::~PNSNodeWithoutPointers' instead
     1>ProofNumberSearch.cpp(82): warning C4812: obsolete declaration style: please use 'gameDataStructures::PNSNodeWithoutPointers<gameEngines::CaptureGoEngine,unsigned int,unsigned int>::PNSNodeWithoutPointers' instead
     1>c:\cygwin64\home\goluch\taktyk\gamesolver\../gameDataStructures/PNSNode.cpp(50): warning C4244: 'return' : conversion from 'unsigned __int64' to 'int', possible loss of data
                 c:\cygwin64\home\goluch\taktyk\gamesolver\../gameDataStructures/PNSNode.cpp(38) : while compiling class template member function 'int gameDataStructures::PNSNode<gameEngines::CaptureGoEngine,unsigned int>::GenerateAllChildren(bool,gameDataStructures::PNSNode<gameEngines::CaptureGoEngine,unsigned int> *)'
                 ProofNumberSearch.cpp(233) : see reference to function template instantiation 'int gameDataStructures::PNSNode<gameEngines::CaptureGoEngine,unsigned int>::GenerateAllChildren(bool,gameDataStructures::PNSNode<gameEngines::CaptureGoEngine,unsigned int> *)' being compiled
                 ProofNumberSearch.cpp(202) : while compiling class template member function 'gameDataStructures::PNSNode<gameEngines::CaptureGoEngine,unsigned int> *gameSolver::ProofNumberSearch<gameDataStructures::PNSNode<gameEngines::CaptureGoEngine,unsigned int>>::SelectMostProving(N *)'
                 with
                 [
                     N=gameDataStructures::PNSNode<gameEngines::CaptureGoEngine,unsigned int>
                 ]
                 ProofNumberSearch.cpp(331) : see reference to function template instantiation 'gameDataStructures::PNSNode<gameEngines::CaptureGoEngine,unsigned int> *gameSolver::ProofNumberSearch<gameDataStructures::PNSNode<gameEngines::CaptureGoEngine,unsigned int>>::SelectMostProving(N *)' being compiled
                 with
                 [
                     N=gameDataStructures::PNSNode<gameEngines::CaptureGoEngine,unsigned int>
                 ]
                 ProofNumberSearch.cpp(34) : see reference to class template instantiation 'gameSolver::ProofNumberSearch<gameDataStructures::PNSNode<gameEngines::CaptureGoEngine,unsigned int>>' being compiled
         PerformanceCounter.cpp
         exceptions.cpp
     1>exceptions.cpp(4): warning C4273: 'std::exception::what' : inconsistent dll linkage
                 C:\Program Files (x86)\Microsoft Visual Studio 12.0\VC\include\exception(98) : see previous definition of 'what'
         Generating Code...
       Lib:
         C:\Program Files (x86)\Microsoft Visual Studio 12.0\VC\bin\x86_amd64\Lib.exe /OUT:"C:\cygwin64\home\goluch\Taktyk\x64\Debug\gameSolver.lib" /NOLOGO /MACHINE:X64 x64\Debug\exceptions.obj
         x64\Debug\PerformanceCounter.obj
         x64\Debug\ProofNumberSearch.obj
         x64\Debug\ProofNumberSearchWrapped.obj
     1>ProofNumberSearch.obj : warning LNK4006: "long start" (?start@@3JA) already defined in ProofNumberSearchWrapped.obj; second definition ignored
     1>ProofNumberSearch.obj : warning LNK4006: "long end" (?end@@3JA) already defined in ProofNumberSearchWrapped.obj; second definition ignored
     1>ProofNumberSearch.obj : warning LNK4006: "public: __cdecl gameSolver::ProofNumberSearch<struct gameDataStructures::PNSNode<class gameEngines::CaptureGoEngine,unsigned int> >::ProofNumberSearch<struct gameDataStructures::PNSNode<class gameEngines::CaptureGoEngine,unsigned int> >(void)" (??0?$ProofNumberSearch@U?$PNSNode@VCaptureGoEngine@gameEngines@@I@gameDataStructures@@@gameSolver@@QEAA@XZ) already defined in ProofNumberSearchWrapped.obj; second definition ignored
     1>ProofNumberSearch.obj : warning LNK4006: "public: __cdecl gameSolver::ProofNumberSearch<struct gameDataStructures::PNSNode<class gameEngines::CaptureGoEngine,unsigned int> >::~ProofNumberSearch<struct gameDataStructures::PNSNode<class gameEngines::CaptureGoEngine,unsigned int> >(void)" (??1?$ProofNumberSearch@U?$PNSNode@VCaptureGoEngine@gameEngines@@I@gameDataStructures@@@gameSolver@@QEAA@XZ) already defined in ProofNumberSearchWrapped.obj; second definition ignored
     1>ProofNumberSearch.obj : warning LNK4006: "public: bool __cdecl gameSolver::ProofNumberSearch<struct gameDataStructures::PNSNode<class gameEngines::CaptureGoEngine,unsigned int> >::Solve(struct gameDataStructures::PNSNode<class gameEngines::CaptureGoEngine,unsigned int>,bool,bool,class PerformanceCounter *)" (?Solve@?$ProofNumberSearch@U?$PNSNode@VCaptureGoEngine@gameEngines@@I@gameDataStructures@@@gameSolver@@QEAA_NU?$PNSNode@VCaptureGoEngine@gameEngines@@I@gameDataStructures@@_N1PEAVPerformanceCounter@@@Z) already defined in ProofNumberSearchWrapped.obj; second definition ignored
     1>ProofNumberSearch.obj : warning LNK4006: "public: __cdecl gameDataStructures::PNSNode<class gameEngines::CaptureGoEngine,unsigned int>::PNSNode<class gameEngines::CaptureGoEngine,unsigned int>(void)" (??0?$PNSNode@VCaptureGoEngine@gameEngines@@I@gameDataStructures@@QEAA@XZ) already defined in ProofNumberSearchWrapped.obj; second definition ignored
     1>ProofNumberSearch.obj : warning LNK4006: "public: __cdecl gameDataStructures::PNSNode<class gameEngines::CaptureGoEngine,unsigned int>::PNSNode<class gameEngines::CaptureGoEngine,unsigned int>(class gameEngines::CaptureGoEngine,struct gameDataStructures::PNSNode<class gameEngines::CaptureGoEngine,unsigned int> *)" (??0?$PNSNode@VCaptureGoEngine@gameEngines@@I@gameDataStructures@@QEAA@VCaptureGoEngine@gameEngines@@PEAU01@@Z) already defined in ProofNumberSearchWrapped.obj; second definition ignored
     1>ProofNumberSearch.obj : warning LNK4006: "public: __cdecl gameDataStructures::PNSNode<class gameEngines::CaptureGoEngine,unsigned int>::~PNSNode<class gameEngines::CaptureGoEngine,unsigned int>(void)" (??1?$PNSNode@VCaptureGoEngine@gameEngines@@I@gameDataStructures@@QEAA@XZ) already defined in ProofNumberSearchWrapped.obj; second definition ignored
     1>ProofNumberSearch.obj : warning LNK4006: "public: __cdecl gameDataStructures::PNSNodeWithoutPointers<class gameEngines::CaptureGoEngine,unsigned int,unsigned int>::PNSNodeWithoutPointers<class gameEngines::CaptureGoEngine,unsigned int,unsigned int>(void)" (??0?$PNSNodeWithoutPointers@VCaptureGoEngine@gameEngines@@II@gameDataStructures@@QEAA@XZ) already defined in ProofNumberSearchWrapped.obj; second definition ignored
     1>ProofNumberSearch.obj : warning LNK4006: "public: __cdecl gameDataStructures::PNSNodeWithoutPointers<class gameEngines::CaptureGoEngine,unsigned int,unsigned int>::PNSNodeWithoutPointers<class gameEngines::CaptureGoEngine,unsigned int,unsigned int>(class gameEngines::CaptureGoEngine,unsigned int)" (??0?$PNSNodeWithoutPointers@VCaptureGoEngine@gameEngines@@II@gameDataStructures@@QEAA@VCaptureGoEngine@gameEngines@@I@Z) already defined in ProofNumberSearchWrapped.obj; second definition ignored
     1>ProofNumberSearch.obj : warning LNK4006: "public: __cdecl gameDataStructures::PNSNodeWithoutPointers<class gameEngines::CaptureGoEngine,unsigned int,unsigned int>::~PNSNodeWithoutPointers<class gameEngines::CaptureGoEngine,unsigned int,unsigned int>(void)" (??1?$PNSNodeWithoutPointers@VCaptureGoEngine@gameEngines@@II@gameDataStructures@@QEAA@XZ) already defined in ProofNumberSearchWrapped.obj; second definition ignored
     1>ProofNumberSearch.obj : warning LNK4221: This object file does not define any previously undefined public symbols, so it will not be used by any link operation that consumes this library
         gameSolver.vcxproj -> C:\cygwin64\home\goluch\Taktyk\x64\Debug\gameSolver.lib
     1>Done Building Project "C:\cygwin64\home\goluch\Taktyk\gameSolver\gameSolver.vcxproj" (Rebuild target(s)).

Build succeeded.

Time Elapsed 00:00:02.11
